[DB] SQLite inicializado em E:\ANTIGRAVITY\aethelgard\database.sqlite
[CONFIG] Configuração carregada do banco.
🗡️  Servidor de Aethelgard rodando na porta 3000
Game Loop iniciado (20 Ticks/s)
Aventureiro tentando conectar: AdminGM (dpdfBdiQBYXlHCPCAAAB)
Sessão AdminGM sem avatar iniciada.
[DB] Salvos 0 jogadores.
Aventureiro tentando conectar: rafael1 (AGBV4zHHAFlhF6mtAAAD)
[DB] Salvos 0 jogadores.
[DB] Salvos 0 jogadores.
[DB] Salvos 0 jogadores.
Aventureiro tentando conectar: StressUser1780632518705 (jx8Gx8GRp6J1-v6nAAAF)
[DB] Salvos 0 jogadores.
[DB] Salvos 0 jogadores.
[DB] Salvos 0 jogadores.
[DB] Salvos 0 jogadores.
[DB] Salvos 0 jogadores.
[DB] Salvos 0 jogadores.
[DB] Salvos 0 jogadores.
[DB] Salvos 0 jogadores.
[DB] Salvos 0 jogadores.
Aventureiro tentando conectar: AdminGM (FfNsmzdvVWmBoP89AAAH)
Sessão AdminGM sem avatar iniciada.
[DB] Salvos 0 jogadores.
[DB] Salvos 0 jogadores.
[DB] Salvos 0 jogadores.
[DB] Salvos 0 jogadores.
[DB] Salvos 0 jogadores.
[DB] Salvos 0 jogadores.
[DB] Salvos 0 jogadores.
[DB] Salvos 0 jogadores.
[DB] Salvos 0 jogadores.
[DB] Salvos 0 jogadores.
[DB] Salvos 0 jogadores.
Aventureiro tentando conectar: AdminGM (ykxUP3CMxuswpMGeAAAJ)
Sessão AdminGM sem avatar iniciada.
[DB] Salvos 0 jogadores.
Aventureiro tentando conectar: AdminGM (mZg-Mxuxkd28HKffAAAL)
Sessão AdminGM sem avatar iniciada.
[DB] Salvos 0 jogadores.
[DB] Salvos 0 jogadores.
[DB] Salvos 0 jogadores.
Aventureiro tentando conectar: Tiberius (cJo21YuMf9oNNmv0AAAN)
[DB] Salvos 0 jogadores.
[DB] Salvos 0 jogadores.
[DB] Salvos 0 jogadores.
[DB] Salvos 0 jogadores.
[DB] Salvos 0 jogadores.
[DB] Salvos 0 jogadores.
[DB] Salvos 0 jogadores.
[DB] Salvos 0 jogadores.
[DB] Salvos 0 jogadores.
[DB] Salvos 0 jogadores.
[DB] Salvos 0 jogadores.
[DB] Salvos 0 jogadores.
[DB] Salvos 0 jogadores.
[DB] Salvos 0 jogadores.
[DB] Salvos 0 jogadores.
[DB] Salvos 0 jogadores.
[DB] Salvos 0 jogadores.
[DB] Salvos 0 jogadores.
[DB] Salvos 0 jogadores.
[DB] Salvos 0 jogadores.
[DB] Salvos 0 jogadores.
[DB] Salvos 0 jogadores.
[DB] Salvos 0 jogadores.
[DB] Salvos 0 jogadores.
[DB] Salvos 0 jogadores.
[DB] Salvos 0 jogadores.
Aventureiro tentando conectar: AdminGM (Wykd8909ab0i7HJmAAAP)
Sessão AdminGM sem avatar iniciada.
[DB] Salvos 0 jogadores.
[DB] Salvos 0 jogadores.
Aventureiro tentando conectar: AdminGM (PuEJrH3EgmELFRhUAAAR)
Sessão AdminGM sem avatar iniciada.
[DB] Salvos 0 jogadores.
[DB] Salvos 0 jogadores.
[DB] Salvos 0 jogadores.
[DB] Salvos 0 jogadores.
Aventureiro tentando conectar: TestPlay1780633074209 (YHC88jw_JUgWyxuVAAAT)
[DB] Salvos 0 jogadores.
[DB] Salvos 0 jogadores.
Aventureiro tentando conectar: TestP093623 (mOxugvNAJ1_5qPnnAAAV)
Aventureiro desconectado: mOxugvNAJ1_5qPnnAAAV
[DB] Salvos 0 jogadores.
[DB] Salvos 0 jogadores.
[DB] Salvos 0 jogadores.
[DB] Salvos 0 jogadores.
Aventureiro tentando conectar: Tiberius (GhjeWej4XqA8StzDAAAX)
[DB] Salvos 1 jogadores.
[DB] Salvos 1 jogadores.
[DB] Salvos 1 jogadores.
[DB] Salvos 1 jogadores.
[DB] Salvos 1 jogadores.
[DB] Salvos 1 jogadores.
[DB] Salvos 1 jogadores.
[DB] Salvos 1 jogadores.
[DB] Salvos 1 jogadores.
[DB] Salvos 1 jogadores.
[DB] Salvos 1 jogadores.
[DB] Salvos 1 jogadores.
[DB] Salvos 1 jogadores.
[DB] Salvos 1 jogadores.
[DB] Salvos 1 jogadores.
[DB] Salvos 1 jogadores.
[DB] Salvos 1 jogadores.
[DB] Salvos 1 jogadores.
[DB] Salvos 1 jogadores.
[DB] Salvos 1 jogadores.
[DB] Salvos 1 jogadores.
[DB] Salvos 1 jogadores.
Aventureiro desconectado: GhjeWej4XqA8StzDAAAX
Aventureiro tentando conectar: AdminGM (VxztwX4611tGqtmyAAAZ)
Sessão AdminGM sem avatar iniciada.
[DB] Salvos 0 jogadores.
[DB] Salvos 0 jogadores.
[DB] Salvos 0 jogadores.
[DB] Salvos 0 jogadores.
[DB] Salvos 0 jogadores.
Aventureiro tentando conectar: AdminGM (meRN2hHtp1shxN3nAAAb)
Sessão AdminGM sem avatar iniciada.
[DB] Salvos 0 jogadores.
Aventureiro tentando conectar: AdminGM (ZW01IUDktp3qvQtgAAAd)
Sessão AdminGM sem avatar iniciada.
[DB] Salvos 0 jogadores.
[DB] Salvos 0 jogadores.
[DB] Salvos 0 jogadores.
[DB] Salvos 0 jogadores.
[DB] Salvos 0 jogadores.
[DB] Salvos 0 jogadores.
[DB] Salvos 0 jogadores.
[DB] Salvos 0 jogadores.
[DB] Salvos 0 jogadores.
[DB] Salvos 0 jogadores.
Aventureiro tentando conectar: AdminGM (Du1m5HRW3v3F5TvqAAAf)
Sessão AdminGM sem avatar iniciada.
[DB] Salvos 0 jogadores.
Aventureiro tentando conectar: Tiberius (-oBFZC-0RAiCroo6AAAh)
[DB] Salvos 0 jogadores.
[DB] Salvos 1 jogadores.
Aventureiro desconectado: -oBFZC-0RAiCroo6AAAh
[DB] Salvos 0 jogadores.
[DB] Salvos 0 jogadores.
[DB] Salvos 0 jogadores.
[DB] Salvos 0 jogadores.
[DB] Salvos 0 jogadores.
[DB] Salvos 0 jogadores.
[DB] Salvos 0 jogadores.
Aventureiro tentando conectar: AdminGM (3j2fIg1FVdxh53AlAAAj)
Sessão AdminGM sem avatar iniciada.
[DB] Salvos 0 jogadores.
[DB] Salvos 0 jogadores.
Aventureiro tentando conectar: AdminGM (d1oV64xZait3Ys63AAAl)
Sessão AdminGM sem avatar iniciada.
[DB] Salvos 0 jogadores.
[DB] Salvos 0 jogadores.
[DB] Salvos 0 jogadores.
[DB] Salvos 0 jogadores.
Aventureiro tentando conectar: AdminGM (uQGSeEzBpnGgRqMiAAAn)
Sessão AdminGM sem avatar iniciada.
[DB] Salvos 0 jogadores.
Aventureiro tentando conectar: AdminGM (7BFO9YpA7KVCfVlVAAAp)
Sessão AdminGM sem avatar iniciada.
[DB] Salvos 0 jogadores.
Aventureiro tentando conectar: AdminGM (VcO-xc1LwVrNe7PmAAAr)
Sessão AdminGM sem avatar iniciada.
[DB] Salvos 0 jogadores.
[DB] Salvos 0 jogadores.
[DB] Salvos 0 jogadores.
[DB] Salvos 0 jogadores.
[DB] Salvos 0 jogadores.
[DB] Salvos 0 jogadores.
[DB] Salvos 0 jogadores.
[DB] Salvos 0 jogadores.
Aventureiro tentando conectar: Tiberius (VnY_v3AHIIudQrzAAAAt)
[DB] Salvos 1 jogadores.
[DB] Salvos 1 jogadores.
[DB] Salvos 1 jogadores.
[DB] Salvos 1 jogadores.
[DB] Salvos 1 jogadores.
[DB] Salvos 1 jogadores.
[DB] Salvos 1 jogadores.
[DB] Salvos 1 jogadores.
[DB] Salvos 1 jogadores.
[DB] Salvos 1 jogadores.
[DB] Salvos 1 jogadores.
[DB] Salvos 1 jogadores.
[DB] Salvos 1 jogadores.
[DB] Salvos 1 jogadores.
[DB] Salvos 1 jogadores.
[DB] Salvos 1 jogadores.
[DB] Salvos 1 jogadores.
[DB] Salvos 1 jogadores.
[DB] Salvos 1 jogadores.
[DB] Salvos 1 jogadores.
[DB] Salvos 1 jogadores.
Aventureiro desconectado: VnY_v3AHIIudQrzAAAAt
[DB] Salvos 0 jogadores.
[DB] Salvos 0 jogadores.
Aventureiro tentando conectar: AdminGM (Zd_QuE0jNegdJRo0AAAv)
Sessão AdminGM sem avatar iniciada.
[DB] Salvos 0 jogadores.
[DB] Salvos 0 jogadores.
Aventureiro tentando conectar: AdminGM (Qe-fu77xvG6_wohtAAAx)
Sessão AdminGM sem avatar iniciada.
[DB] Salvos 0 jogadores.
[DB] Salvos 0 jogadores.
[DB] Salvos 0 jogadores.
[DB] Salvos 0 jogadores.
[DB] Salvos 0 jogadores.
Aventureiro tentando conectar: AdminGM (UfFVAiC5ft6kv2AxAAAz)
Sessão AdminGM sem avatar iniciada.
[DB] Salvos 0 jogadores.
Aventureiro tentando conectar: AdminGM (eQju4FyFZW4EMoNZAAA1)
Sessão AdminGM sem avatar iniciada.
[DB] Salvos 0 jogadores.
[DB] Salvos 0 jogadores.
Aventureiro tentando conectar: AdminGM (o8ol3G3xOfMT1nwDAAA3)
Sessão AdminGM sem avatar iniciada.
[DB] Salvos 0 jogadores.
[DB] Salvos 0 jogadores.
[DB] Salvos 0 jogadores.
Aventureiro tentando conectar: AdminGM (JY7o3Su4crgJManOAAA5)
Sessão AdminGM sem avatar iniciada.
[DB] Salvos 0 jogadores.
[DB] Salvos 0 jogadores.
[DB] Salvos 0 jogadores.
[DB] Salvos 0 jogadores.
[DB] Salvos 0 jogadores.
[DB] Salvos 0 jogadores.
[DB] Salvos 0 jogadores.
[DB] Salvos 0 jogadores.
[DB] Salvos 0 jogadores.
[DB] Salvos 0 jogadores.
[DB] Salvos 0 jogadores.
[DB] Salvos 0 jogadores.
[DB] Salvos 0 jogadores.
[DB] Salvos 0 jogadores.
[DB] Salvos 0 jogadores.
[DB] Salvos 0 jogadores.
[DB] Salvos 0 jogadores.
[DB] Salvos 0 jogadores.
[DB] Salvos 0 jogadores.
[DB] Salvos 0 jogadores.
[DB] Salvos 0 jogadores.
[DB] Salvos 0 jogadores.
[DB] Salvos 0 jogadores.
Aventureiro tentando conectar: AdminGM (-SYwgFErTeT_q5jyAAA7)
Sessão AdminGM sem avatar iniciada.
Aventureiro tentando conectar: AdminGM (acXrLo7FeyjSrzF9AAA9)
Sessão AdminGM sem avatar iniciada.
[DB] Salvos 0 jogadores.
Aventureiro tentando conectar: AdminGM (RibaV4qFvNpV4U3wAAA_)
Sessão AdminGM sem avatar iniciada.
Aventureiro tentando conectar: AdminGM (F9JHa9MLCItqTi_8AABB)
Sessão AdminGM sem avatar iniciada.
[DB] Salvos 0 jogadores.
[DB] Salvos 0 jogadores.
[DB] Salvos 0 jogadores.
[DB] Salvos 0 jogadores.
[DB] Salvos 0 jogadores.
[DB] Salvos 0 jogadores.
[DB] Salvos 0 jogadores.
Aventureiro tentando conectar: AdminGM (lJrGQeShatB9h5QiAABD)
Sessão AdminGM sem avatar iniciada.
[DB] Salvos 0 jogadores.
[DB] Salvos 0 jogadores.
[DB] Salvos 0 jogadores.
[DB] Salvos 0 jogadores.
[DB] Salvos 0 jogadores.
[DB] Salvos 0 jogadores.
[DB] Salvos 0 jogadores.
[DB] Salvos 0 jogadores.
[DB] Salvos 0 jogadores.
[DB] Salvos 0 jogadores.
[DB] Salvos 0 jogadores.
[DB] Salvos 0 jogadores.
[DB] Salvos 0 jogadores.
[DB] Salvos 0 jogadores.
[DB] Salvos 0 jogadores.
[DB] Salvos 0 jogadores.
[DB] Salvos 0 jogadores.
[DB] Salvos 0 jogadores.
[DB] Salvos 0 jogadores.
[DB] Salvos 0 jogadores.
[DB] Salvos 0 jogadores.
[DB] Salvos 0 jogadores.
[DB] Salvos 0 jogadores.
[DB] Salvos 0 jogadores.
[DB] Salvos 0 jogadores.
[DB] Salvos 0 jogadores.
[DB] Salvos 0 jogadores.
[DB] Salvos 0 jogadores.
[DB] Salvos 0 jogadores.
[DB] Salvos 0 jogadores.
[DB] Salvos 0 jogadores.
[DB] Salvos 0 jogadores.
[DB] Salvos 0 jogadores.
[DB] Salvos 0 jogadores.
[DB] Salvos 0 jogadores.
[DB] Salvos 0 jogadores.
[DB] Salvos 0 jogadores.
[DB] Salvos 0 jogadores.
[DB] Salvos 0 jogadores.
[DB] Salvos 0 jogadores.
[DB] Salvos 0 jogadores.
[DB] Salvos 0 jogadores.
[DB] Salvos 0 jogadores.
[DB] Salvos 0 jogadores.
[DB] Salvos 0 jogadores.
[DB] Salvos 0 jogadores.
[DB] Salvos 0 jogadores.
[DB] Salvos 0 jogadores.
Aventureiro tentando conectar: Tiberius (OYBO08KwJSgqEyzLAABF)
[DB] Salvos 1 jogadores.
[DB] Salvos 1 jogadores.
[DB] Salvos 1 jogadores.
[DB] Salvos 1 jogadores.
[DB] Salvos 1 jogadores.
[DB] Salvos 1 jogadores.
[DB] Salvos 1 jogadores.
[DB] Salvos 1 jogadores.
[DB] Salvos 1 jogadores.
[DB] Salvos 1 jogadores.
[DB] Salvos 1 jogadores.
[DB] Salvos 1 jogadores.
[DB] Salvos 1 jogadores.
[DB] Salvos 1 jogadores.
[DB] Salvos 1 jogadores.
[DB] Salvos 1 jogadores.
[DB] Salvos 1 jogadores.
[DB] Salvos 1 jogadores.
[DB] Salvos 1 jogadores.
[DB] Salvos 1 jogadores.
[DB] Salvos 1 jogadores.
[DB] Salvos 1 jogadores.
[DB] Salvos 1 jogadores.
[DB] Salvos 1 jogadores.
[DB] Salvos 1 jogadores.
[DB] Salvos 1 jogadores.
[DB] Salvos 1 jogadores.
[DB] Salvos 1 jogadores.
[DB] Salvos 1 jogadores.
[DB] Salvos 1 jogadores.
[DB] Salvos 1 jogadores.
[DB] Salvos 1 jogadores.
[DB] Salvos 1 jogadores.
[DB] Salvos 1 jogadores.
[DB] Salvos 1 jogadores.
[DB] Salvos 1 jogadores.
[DB] Salvos 1 jogadores.
Aventureiro desconectado: OYBO08KwJSgqEyzLAABF
[DB] Salvos 0 jogadores.
Aventureiro tentando conectar: Tiberius (Fsrk3KfBXHBUtO7OAABH)
[DB] Salvos 0 jogadores.
[DB] Salvos 0 jogadores.
[DB] Salvos 0 jogadores.
[DB] Salvos 0 jogadores.
[DB] Salvos 0 jogadores.
[DB] Salvos 0 jogadores.
[DB] Salvos 0 jogadores.
[DB] Salvos 0 jogadores.
[DB] Salvos 0 jogadores.
[DB] Salvos 0 jogadores.
[DB] Salvos 0 jogadores.
[DB] Salvos 0 jogadores.
[DB] Salvos 0 jogadores.
[DB] Salvos 0 jogadores.
[DB] Salvos 0 jogadores.
Aventureiro tentando conectar: Tiberius (UaLZDO-9pP7-TcUoAABJ)
[DB] Salvos 0 jogadores.
[DB] Salvos 0 jogadores.
[DB] Salvos 0 jogadores.
[DB] Salvos 0 jogadores.
[DB] Salvos 0 jogadores.
[DB] Salvos 0 jogadores.
[DB] Salvos 0 jogadores.
[DB] Salvos 0 jogadores.
[DB] Salvos 0 jogadores.
[DB] Salvos 0 jogadores.
[DB] Salvos 0 jogadores.
[DB] Salvos 0 jogadores.
[DB] Salvos 0 jogadores.
Aventureiro tentando conectar: Tiberius (fc4BIDpzl3SzOT90AABN)
[DB] Salvos 0 jogadores.
[DB] Salvos 0 jogadores.
[DB] Salvos 0 jogadores.
[DB] Salvos 0 jogadores.
[DB] Salvos 0 jogadores.
[DB] Salvos 0 jogadores.
[DB] Salvos 0 jogadores.
[DB] Salvos 0 jogadores.
[DB] Salvos 0 jogadores.
[DB] Salvos 0 jogadores.
[DB] Salvos 0 jogadores.
[DB] Salvos 0 jogadores.
[DB] Salvos 0 jogadores.
[DB] Salvos 0 jogadores.
[DB] Salvos 0 jogadores.
[DB] Salvos 0 jogadores.
[DB] Salvos 0 jogadores.
[DB] Salvos 0 jogadores.
[DB] Salvos 0 jogadores.
[DB] Salvos 0 jogadores.
[DB] Salvos 0 jogadores.
[DB] Salvos 0 jogadores.
[DB] Salvos 0 jogadores.
[DB] Salvos 0 jogadores.
[DB] Salvos 0 jogadores.
[DB] Salvos 0 jogadores.
[DB] Salvos 0 jogadores.
[DB] Salvos 0 jogadores.
[DB] Salvos 0 jogadores.
[DB] Salvos 0 jogadores.
[DB] Salvos 0 jogadores.
[DB] Salvos 0 jogadores.
[DB] Salvos 0 jogadores.
[DB] Salvos 0 jogadores.
[DB] Salvos 0 jogadores.
[DB] Salvos 0 jogadores.
[DB] Salvos 0 jogadores.
[DB] Salvos 0 jogadores.
[DB] Salvos 0 jogadores.
[DB] Salvos 0 jogadores.
[DB] Salvos 0 jogadores.
[DB] Salvos 0 jogadores.
[DB] Salvos 0 jogadores.
[DB] Salvos 0 jogadores.
[DB] Salvos 0 jogadores.
[DB] Salvos 0 jogadores.
[DB] Salvos 0 jogadores.
[DB] Salvos 0 jogadores.
[DB] Salvos 0 jogadores.
[DB] Salvos 0 jogadores.
[DB] Salvos 0 jogadores.
[DB] Salvos 0 jogadores.
[DB] Salvos 0 jogadores.
[DB] Salvos 0 jogadores.
[DB] Salvos 0 jogadores.
[DB] Salvos 0 jogadores.
[DB] Salvos 0 jogadores.
[DB] Salvos 0 jogadores.
[DB] Salvos 0 jogadores.
[DB] Salvos 0 jogadores.
[DB] Salvos 0 jogadores.
[DB] Salvos 0 jogadores.
[DB] Salvos 0 jogadores.
[DB] Salvos 0 jogadores.
[DB] Salvos 0 jogadores.
[DB] Salvos 0 jogadores.
[DB] Salvos 0 jogadores.
[DB] Salvos 0 jogadores.
[DB] Salvos 0 jogadores.
[DB] Salvos 0 jogadores.
[DB] Salvos 0 jogadores.
[DB] Salvos 0 jogadores.
[DB] Salvos 0 jogadores.
