[DB] SQLite inicializado em E:\ANTIGRAVITY\aethelgard\database.sqlite
[CONFIG] Configuração carregada do banco.
🗡️  Servidor de Aethelgard rodando na porta 3000
Game Loop iniciado (20 Ticks/s)
Aventureiro tentando conectar: AdminGM (veuKyKH9ZsLRjn6uAAAB)
Sessão AdminGM sem avatar iniciada.
[DB] Salvos 0 jogadores.
[DB] Salvos 0 jogadores.
[DB] Salvos 0 jogadores.
[DB] Salvos 0 jogadores.
[DB] Salvos 0 jogadores.
[DB] Salvos 0 jogadores.
[DB] Salvos 0 jogadores.
[DB] Salvos 0 jogadores.
[DB] Salvos 0 jogadores.
[DB] Salvos 0 jogadores.
[DB] Salvos 0 jogadores.
[DB] Salvos 0 jogadores.
[DB] Salvos 0 jogadores.
[DB] Salvos 0 jogadores.
[DB] Salvos 0 jogadores.
[DB] Salvos 0 jogadores.
[DB] Salvos 0 jogadores.
Aventureiro tentando conectar: AdminGM (aZSchzFwZwaiCzu-AAAD)
Sessão AdminGM sem avatar iniciada.
[DB] Salvos 0 jogadores.
[DB] Salvos 0 jogadores.
[DB] Salvos 0 jogadores.
[DB] Salvos 0 jogadores.
[DB] Salvos 0 jogadores.
[DB] Salvos 0 jogadores.
[DB] Salvos 0 jogadores.
[DB] Salvos 0 jogadores.
[DB] Salvos 0 jogadores.
[DB] Salvos 0 jogadores.
[DB] Salvos 0 jogadores.
[DB] Salvos 0 jogadores.
[DB] Salvos 0 jogadores.
[DB] Salvos 0 jogadores.
[DB] Salvos 0 jogadores.
[DB] Salvos 0 jogadores.
[DB] Salvos 0 jogadores.
[DB] Salvos 0 jogadores.
[DB] Salvos 0 jogadores.
[DB] Salvos 0 jogadores.
[DB] Salvos 0 jogadores.
[DB] Salvos 0 jogadores.
[DB] Salvos 0 jogadores.
[DB] Salvos 0 jogadores.
[DB] Salvos 0 jogadores.
[DB] Salvos 0 jogadores.
[DB] Salvos 0 jogadores.
[DB] Salvos 0 jogadores.
[DB] Salvos 0 jogadores.
[DB] Salvos 0 jogadores.
[DB] Salvos 0 jogadores.
[DB] Salvos 0 jogadores.
[DB] Salvos 0 jogadores.
[DB] Salvos 0 jogadores.
[DB] Salvos 0 jogadores.
[DB] Salvos 0 jogadores.
[DB] Salvos 0 jogadores.
[DB] Salvos 0 jogadores.
[DB] Salvos 0 jogadores.
[DB] Salvos 0 jogadores.
[DB] Salvos 0 jogadores.
[DB] Salvos 0 jogadores.
[DB] Salvos 0 jogadores.
[DB] Salvos 0 jogadores.
[DB] Salvos 0 jogadores.
[DB] Salvos 0 jogadores.
[DB] Salvos 0 jogadores.
Aventureiro tentando conectar: AdminGM (w4yggkG6AfE5qNh5AAAF)
Sessão AdminGM sem avatar iniciada.
Aventureiro tentando conectar: AdminGM (PVcB1CYlP4c_Fu9jAAAH)
Sessão AdminGM sem avatar iniciada.
[DB] Salvos 0 jogadores.
[DB] Salvos 0 jogadores.
[DB] Salvos 0 jogadores.
[DB] Salvos 0 jogadores.
[DB] Salvos 0 jogadores.
[DB] Salvos 0 jogadores.
[DB] Salvos 0 jogadores.
[DB] Salvos 0 jogadores.
[DB] Salvos 0 jogadores.
[DB] Salvos 0 jogadores.
[DB] Salvos 0 jogadores.
[DB] Salvos 0 jogadores.
[DB] Salvos 0 jogadores.
[DB] Salvos 0 jogadores.
[DB] Salvos 0 jogadores.
[DB] Salvos 0 jogadores.
[DB] Salvos 0 jogadores.
[DB] Salvos 0 jogadores.
[DB] Salvos 0 jogadores.
[DB] Salvos 0 jogadores.
[DB] Salvos 0 jogadores.
Aventureiro tentando conectar: AdminGM (7nfyZCOTfYBX1_F0AAAJ)
Sessão AdminGM sem avatar iniciada.
[DB] Salvos 0 jogadores.
[DB] Salvos 0 jogadores.
[DB] Salvos 0 jogadores.
[DB] Salvos 0 jogadores.
[DB] Salvos 0 jogadores.
[DB] Salvos 0 jogadores.
[DB] Salvos 0 jogadores.
[DB] Salvos 0 jogadores.
Aventureiro tentando conectar: AdminGM (ShUuvp08s8UUdZ7HAAAL)
Sessão AdminGM sem avatar iniciada.
Aventureiro tentando conectar: AdminGM (43iJ4PfBaN0eBZeaAAAN)
Sessão AdminGM sem avatar iniciada.
[DB] Salvos 0 jogadores.
[DB] Salvos 0 jogadores.
[DB] Salvos 0 jogadores.
[DB] Salvos 0 jogadores.
[DB] Salvos 0 jogadores.
[DB] Salvos 0 jogadores.
[DB] Salvos 0 jogadores.
[DB] Salvos 0 jogadores.
[DB] Salvos 0 jogadores.
[DB] Salvos 0 jogadores.
[DB] Salvos 0 jogadores.
[DB] Salvos 0 jogadores.
[DB] Salvos 0 jogadores.
[DB] Salvos 0 jogadores.
[DB] Salvos 0 jogadores.
[DB] Salvos 0 jogadores.
[DB] Salvos 0 jogadores.
[DB] Salvos 0 jogadores.
[DB] Salvos 0 jogadores.
[DB] Salvos 0 jogadores.
[DB] Salvos 0 jogadores.
[DB] Salvos 0 jogadores.
[DB] Salvos 0 jogadores.
[DB] Salvos 0 jogadores.
[DB] Salvos 0 jogadores.
[DB] Salvos 0 jogadores.
[DB] Salvos 0 jogadores.
[DB] Salvos 0 jogadores.
Aventureiro tentando conectar: AdminGM (RwtSq82CcIuSC7gwAAAP)
Sessão AdminGM sem avatar iniciada.
[DB] Salvos 0 jogadores.
[DB] Salvos 0 jogadores.
[DB] Salvos 0 jogadores.
[DB] Salvos 0 jogadores.
[DB] Salvos 0 jogadores.
[DB] Salvos 0 jogadores.
[DB] Salvos 0 jogadores.
[DB] Salvos 0 jogadores.
[DB] Salvos 0 jogadores.
[DB] Salvos 0 jogadores.
[DB] Salvos 0 jogadores.
Aventureiro tentando conectar: AdminGM (2VkpKBJoyHxxNFb-AAAR)
Sessão AdminGM sem avatar iniciada.
[DB] Salvos 0 jogadores.
[DB] Salvos 0 jogadores.
[DB] Salvos 0 jogadores.
[DB] Salvos 0 jogadores.
[DB] Salvos 0 jogadores.
[DB] Salvos 0 jogadores.
[DB] Salvos 0 jogadores.
Aventureiro tentando conectar: AdminGM (6Qbt4VlQXx2ODIlVAAAT)
Sessão AdminGM sem avatar iniciada.
[DB] Salvos 0 jogadores.
[DB] Salvos 0 jogadores.
[DB] Salvos 0 jogadores.
[DB] Salvos 0 jogadores.
[DB] Salvos 0 jogadores.
[DB] Salvos 0 jogadores.
[DB] Salvos 0 jogadores.
Aventureiro tentando conectar: AdminGM (PR17K2pY4u1Kg6dZAAAV)
Sessão AdminGM sem avatar iniciada.
[DB] Salvos 0 jogadores.
[DB] Salvos 0 jogadores.
[DB] Salvos 0 jogadores.
[DB] Salvos 0 jogadores.
[DB] Salvos 0 jogadores.
[DB] Salvos 0 jogadores.
[DB] Salvos 0 jogadores.
[DB] Salvos 0 jogadores.
[DB] Salvos 0 jogadores.
[DB] Salvos 0 jogadores.
[DB] Salvos 0 jogadores.
[DB] Salvos 0 jogadores.
[DB] Salvos 0 jogadores.
[DB] Salvos 0 jogadores.
[DB] Salvos 0 jogadores.
[DB] Salvos 0 jogadores.
[DB] Salvos 0 jogadores.
[DB] Salvos 0 jogadores.
[DB] Salvos 0 jogadores.
[DB] Salvos 0 jogadores.
[DB] Salvos 0 jogadores.
[DB] Salvos 0 jogadores.
[DB] Salvos 0 jogadores.
[DB] Salvos 0 jogadores.
[DB] Salvos 0 jogadores.
[DB] Salvos 0 jogadores.
[DB] Salvos 0 jogadores.
[DB] Salvos 0 jogadores.
[DB] Salvos 0 jogadores.
[DB] Salvos 0 jogadores.
[DB] Salvos 0 jogadores.
[DB] Salvos 0 jogadores.
Aventureiro tentando conectar: AdminGM (L0ugsjgUUTPNqyhDAAAX)
Sessão AdminGM sem avatar iniciada.
[DB] Salvos 0 jogadores.
[DB] Salvos 0 jogadores.
[DB] Salvos 0 jogadores.
[DB] Salvos 0 jogadores.
[DB] Salvos 0 jogadores.
[DB] Salvos 0 jogadores.
[DB] Salvos 0 jogadores.
[DB] Salvos 0 jogadores.
[DB] Salvos 0 jogadores.
[DB] Salvos 0 jogadores.
Aventureiro tentando conectar: AdminGM (ItdcFv7rva6Pjka4AAAZ)
Sessão AdminGM sem avatar iniciada.
Aventureiro tentando conectar: AdminGM (zbAxzWGeQrtWKBmJAAAb)
Sessão AdminGM sem avatar iniciada.
[DB] Salvos 0 jogadores.
[DB] Salvos 0 jogadores.
[DB] Salvos 0 jogadores.
[DB] Salvos 0 jogadores.
[DB] Salvos 0 jogadores.
[DB] Salvos 0 jogadores.
[DB] Salvos 0 jogadores.
[DB] Salvos 0 jogadores.
[DB] Salvos 0 jogadores.
[DB] Salvos 0 jogadores.
[DB] Salvos 0 jogadores.
[DB] Salvos 0 jogadores.
[DB] Salvos 0 jogadores.
[DB] Salvos 0 jogadores.
[DB] Salvos 0 jogadores.
[DB] Salvos 0 jogadores.
Aventureiro tentando conectar: DebugUser (6JaAQv2keTaT8x22AAAd)
[DB] Salvos 0 jogadores.
[DB] Salvos 0 jogadores.
[DB] Salvos 0 jogadores.
Aventureiro tentando conectar: AdminGM (hMN8K93q1EdIsFj0AAAf)
Sessão AdminGM sem avatar iniciada.
[DB] Salvos 0 jogadores.
Aventureiro tentando conectar: AdminGM (wVRfaTPWgbSBCJqVAAAh)
Sessão AdminGM sem avatar iniciada.
[DB] Salvos 0 jogadores.
Aventureiro tentando conectar: AdminGM (PPP-qp3OhXOHg3LCAAAj)
Sessão AdminGM sem avatar iniciada.
[DB] Salvos 0 jogadores.
[DB] Salvos 0 jogadores.
Aventureiro tentando conectar: Tiberius (BbqrXqCludJzmewoAAAl)
[DB] Salvos 0 jogadores.
[DB] Salvos 0 jogadores.
[DB] Salvos 0 jogadores.
[DB] Salvos 0 jogadores.
Aventureiro tentando conectar: Tiberius (rZUxKJhUrR-huK-xAAAn)
[DB] Salvos 1 jogadores.
[DB] Salvos 1 jogadores.
[DB] Salvos 1 jogadores.
[DB] Salvos 1 jogadores.
Aventureiro desconectado: BbqrXqCludJzmewoAAAl
Aventureiro tentando conectar: Tiberius (pmC8cLLmJxxqyAirAAAp)
[DB] Salvos 0 jogadores.
Aventureiro tentando conectar: Tiberius (z51oH4mjMc20uGWDAAAr)
[DB] Salvos 1 jogadores.
[DB] Salvos 1 jogadores.
[DB] Salvos 1 jogadores.
Aventureiro desconectado: pmC8cLLmJxxqyAirAAAp
Aventureiro tentando conectar: AdminGM (L0Q7nRXazso7bvV0AAAt)
Sessão AdminGM sem avatar iniciada.
[DB] Salvos 0 jogadores.
[DB] Salvos 0 jogadores.
Aventureiro tentando conectar: Tiberius (QNq3aJtEMbO2Y28bAAAv)
Aventureiro tentando conectar: Tiberius (TiZlOUvvZhDpbsEgAAAx)
[DB] Salvos 1 jogadores.
[DB] Salvos 1 jogadores.
[DB] Salvos 1 jogadores.
[DB] Salvos 1 jogadores.
[DB] Salvos 1 jogadores.
[DB] Salvos 1 jogadores.
[DB] Salvos 1 jogadores.
[DB] Salvos 1 jogadores.
[DB] Salvos 1 jogadores.
[DB] Salvos 1 jogadores.
[DB] Salvos 1 jogadores.
Aventureiro desconectado: QNq3aJtEMbO2Y28bAAAv
Aventureiro tentando conectar: Tiberius (_dbeN-ptQ9rqbuXdAAAz)
[DB] Salvos 0 jogadores.
[DB] Salvos 0 jogadores.
Aventureiro tentando conectar: Tiberius (DU6rWRL6zHfhDxNSAAA1)
[DB] Salvos 1 jogadores.
[DB] Salvos 1 jogadores.
[DB] Salvos 1 jogadores.
[DB] Salvos 1 jogadores.
[DB] Salvos 1 jogadores.
[DB] Salvos 1 jogadores.
[DB] Salvos 1 jogadores.
[DB] Salvos 1 jogadores.
[DB] Salvos 1 jogadores.
[DB] Salvos 1 jogadores.
[DB] Salvos 1 jogadores.
[DB] Salvos 1 jogadores.
[DB] Salvos 1 jogadores.
[DB] Salvos 1 jogadores.
[DB] Salvos 1 jogadores.
[DB] Salvos 1 jogadores.
[DB] Salvos 1 jogadores.
[DB] Salvos 1 jogadores.
[DB] Salvos 1 jogadores.
[DB] Salvos 1 jogadores.
[DB] Salvos 1 jogadores.
[DB] Salvos 1 jogadores.
[DB] Salvos 1 jogadores.
[DB] Salvos 1 jogadores.
[DB] Salvos 1 jogadores.
[DB] Salvos 1 jogadores.
[DB] Salvos 1 jogadores.
[DB] Salvos 1 jogadores.
[DB] Salvos 1 jogadores.
[DB] Salvos 1 jogadores.
[DB] Salvos 1 jogadores.
[DB] Salvos 1 jogadores.
[DB] Salvos 1 jogadores.
[DB] Salvos 1 jogadores.
[DB] Salvos 1 jogadores.
[DB] Salvos 1 jogadores.
[DB] Salvos 1 jogadores.
[DB] Salvos 1 jogadores.
[DB] Salvos 1 jogadores.
[DB] Salvos 1 jogadores.
[DB] Salvos 1 jogadores.
Aventureiro desconectado: _dbeN-ptQ9rqbuXdAAAz
Aventureiro tentando conectar: Tiberius (UiLSjHh5PS4DYd7bAAA3)
Aventureiro tentando conectar: Tiberius (Gn3CLUkAd06YQI1RAAA5)
[DB] Salvos 1 jogadores.
[DB] Salvos 1 jogadores.
[DB] Salvos 1 jogadores.
[DB] Salvos 1 jogadores.
[DB] Salvos 1 jogadores.
[DB] Salvos 1 jogadores.
[DB] Salvos 1 jogadores.
[DB] Salvos 1 jogadores.
[DB] Salvos 1 jogadores.
[DB] Salvos 1 jogadores.
[DB] Salvos 1 jogadores.
Aventureiro desconectado: UiLSjHh5PS4DYd7bAAA3
Aventureiro tentando conectar: AdminGM (mCMyeOu7dlHj3buoAAA7)
Sessão AdminGM sem avatar iniciada.
[DB] Salvos 0 jogadores.
Aventureiro tentando conectar: AdminGM (CzvkAaBAvPQTmD5KAAA9)
Sessão AdminGM sem avatar iniciada.
[DB] Salvos 0 jogadores.
[DB] Salvos 0 jogadores.
[DB] Salvos 0 jogadores.
[DB] Salvos 0 jogadores.
[DB] Salvos 0 jogadores.
[DB] Salvos 0 jogadores.
[DB] Salvos 0 jogadores.
Aventureiro tentando conectar: Tiberius (f2K7_AZNEoqpPyILAAA_)
Aventureiro tentando conectar: Tiberius (80q6SVWKShSVhXqTAABB)
[DB] Salvos 1 jogadores.
[DB] Salvos 1 jogadores.
[DB] Salvos 1 jogadores.
[DB] Salvos 1 jogadores.
[DB] Salvos 1 jogadores.
[DB] Salvos 1 jogadores.
[DB] Salvos 1 jogadores.
[DB] Salvos 1 jogadores.
[DB] Salvos 1 jogadores.
[DB] Salvos 1 jogadores.
Aventureiro desconectado: f2K7_AZNEoqpPyILAAA_
Aventureiro tentando conectar: AdminGM (lay1WtF7u9IGnS9zAABD)
Sessão AdminGM sem avatar iniciada.
[DB] Salvos 0 jogadores.
Aventureiro tentando conectar: AdminGM (opXDKGOA2v3MTBc2AABF)
Sessão AdminGM sem avatar iniciada.
Aventureiro tentando conectar: AdminGM (7QFMwyNNjcXkQiLcAABH)
Sessão AdminGM sem avatar iniciada.
[DB] Salvos 0 jogadores.
[DB] Salvos 0 jogadores.
[DB] Salvos 0 jogadores.
Aventureiro tentando conectar: AdminGM (Ke3_dKCmQBmFP_xyAABJ)
Sessão AdminGM sem avatar iniciada.
[DB] Salvos 0 jogadores.
[DB] Salvos 0 jogadores.
[DB] Salvos 0 jogadores.
Aventureiro tentando conectar: AdminGM (Nh27VpYUuAGkYRVhAABL)
Sessão AdminGM sem avatar iniciada.
[DB] Salvos 0 jogadores.
Aventureiro tentando conectar: AdminGM (ER7uIQp1XcnOS2twAABN)
Sessão AdminGM sem avatar iniciada.
[DB] Salvos 0 jogadores.
[DB] Salvos 0 jogadores.
[DB] Salvos 0 jogadores.
[DB] Salvos 0 jogadores.
[DB] Salvos 0 jogadores.
[DB] Salvos 0 jogadores.
[DB] Salvos 0 jogadores.
[DB] Salvos 0 jogadores.
Aventureiro tentando conectar: AdminGM (MiWTxraDGaTZUmfxAABP)
Sessão AdminGM sem avatar iniciada.
[DB] Salvos 0 jogadores.
Aventureiro tentando conectar: AdminGM (0hkfP0dcL6efPYgpAABR)
Sessão AdminGM sem avatar iniciada.
[DB] Salvos 0 jogadores.
[DB] Salvos 0 jogadores.
Aventureiro tentando conectar: AdminGM (UqFsjdZY9qvTiIndAABT)
Sessão AdminGM sem avatar iniciada.
[DB] Salvos 0 jogadores.
Aventureiro tentando conectar: AdminGM (tjdAjsC2u1aTmgnsAABV)
Sessão AdminGM sem avatar iniciada.
[DB] Salvos 0 jogadores.
[DB] Salvos 0 jogadores.
[DB] Salvos 0 jogadores.
[DB] Salvos 0 jogadores.
[DB] Salvos 0 jogadores.
[DB] Salvos 0 jogadores.
[DB] Salvos 0 jogadores.
[DB] Salvos 0 jogadores.
Aventureiro tentando conectar: Tiberius (gT90srDVCuEKJqOGAABX)
[DB] Salvos 0 jogadores.
[DB] Salvos 1 jogadores.
[DB] Salvos 1 jogadores.
[DB] Salvos 1 jogadores.
[DB] Salvos 1 jogadores.
[DB] Salvos 1 jogadores.
[DB] Salvos 1 jogadores.
[DB] Salvos 1 jogadores.
[DB] Salvos 1 jogadores.
[DB] Salvos 1 jogadores.
[DB] Salvos 1 jogadores.
[DB] Salvos 1 jogadores.
[DB] Salvos 1 jogadores.
[DB] Salvos 1 jogadores.
[DB] Salvos 1 jogadores.
[DB] Salvos 1 jogadores.
[DB] Salvos 1 jogadores.
[DB] Salvos 1 jogadores.
[DB] Salvos 1 jogadores.
[DB] Salvos 1 jogadores.
[DB] Salvos 1 jogadores.
[DB] Salvos 1 jogadores.
[DB] Salvos 1 jogadores.
[DB] Salvos 1 jogadores.
[DB] Salvos 1 jogadores.
[DB] Salvos 1 jogadores.
[DB] Salvos 1 jogadores.
[DB] Salvos 1 jogadores.
[DB] Salvos 1 jogadores.
[DB] Salvos 1 jogadores.
[DB] Salvos 1 jogadores.
[DB] Salvos 1 jogadores.
[DB] Salvos 1 jogadores.
[DB] Salvos 1 jogadores.
[DB] Salvos 1 jogadores.
[DB] Salvos 1 jogadores.
[DB] Salvos 1 jogadores.
[DB] Salvos 1 jogadores.
[DB] Salvos 1 jogadores.
[DB] Salvos 1 jogadores.
[DB] Salvos 1 jogadores.
[DB] Salvos 1 jogadores.
[DB] Salvos 1 jogadores.
[DB] Salvos 1 jogadores.
[DB] Salvos 1 jogadores.
[DB] Salvos 1 jogadores.
[DB] Salvos 1 jogadores.
[DB] Salvos 1 jogadores.
[DB] Salvos 1 jogadores.
[DB] Salvos 1 jogadores.
[DB] Salvos 1 jogadores.
[DB] Salvos 1 jogadores.
[DB] Salvos 1 jogadores.
[DB] Salvos 1 jogadores.
[DB] Salvos 1 jogadores.
[DB] Salvos 1 jogadores.
[DB] Salvos 1 jogadores.
[DB] Salvos 1 jogadores.
[DB] Salvos 1 jogadores.
[DB] Salvos 1 jogadores.
[DB] Salvos 1 jogadores.
[DB] Salvos 1 jogadores.
[DB] Salvos 1 jogadores.
[DB] Salvos 1 jogadores.
Aventureiro desconectado: gT90srDVCuEKJqOGAABX
Aventureiro tentando conectar: Tiberius (E8Q7cHadCV_YpR65AABZ)
[DB] Salvos 1 jogadores.
[DB] Salvos 1 jogadores.
[DB] Salvos 1 jogadores.
[DB] Salvos 1 jogadores.
[DB] Salvos 1 jogadores.
[DB] Salvos 1 jogadores.
[DB] Salvos 1 jogadores.
[DB] Salvos 1 jogadores.
[DB] Salvos 1 jogadores.
[DB] Salvos 1 jogadores.
[DB] Salvos 1 jogadores.
[DB] Salvos 1 jogadores.
[DB] Salvos 1 jogadores.
Aventureiro tentando conectar: AdminGM (CylGPOhHVLK9MBNlAABb)
Sessão AdminGM sem avatar iniciada.
[DB] Salvos 1 jogadores.
[DB] Salvos 1 jogadores.
[DB] Salvos 1 jogadores.
[DB] Salvos 1 jogadores.
[DB] Salvos 1 jogadores.
[DB] Salvos 1 jogadores.
[DB] Salvos 1 jogadores.
[DB] Salvos 1 jogadores.
[DB] Salvos 1 jogadores.
[DB] Salvos 1 jogadores.
[DB] Salvos 1 jogadores.
[DB] Salvos 1 jogadores.
[DB] Salvos 1 jogadores.
[DB] Salvos 1 jogadores.
[DB] Salvos 1 jogadores.
[DB] Salvos 1 jogadores.
[DB] Salvos 1 jogadores.
[DB] Salvos 1 jogadores.
[DB] Salvos 1 jogadores.
[DB] Salvos 1 jogadores.
[DB] Salvos 1 jogadores.
[DB] Salvos 1 jogadores.
[DB] Salvos 1 jogadores.
[DB] Salvos 1 jogadores.
[DB] Salvos 1 jogadores.
[DB] Salvos 1 jogadores.
[DB] Salvos 1 jogadores.
[DB] Salvos 1 jogadores.
Aventureiro desconectado: E8Q7cHadCV_YpR65AABZ
Aventureiro tentando conectar: AdminGM (DAKb1-9UBusq1JerAABd)
Sessão AdminGM sem avatar iniciada.
[DB] Salvos 0 jogadores.
Aventureiro tentando conectar: AdminGM (KSE5r5utyNcIV79aAABf)
Sessão AdminGM sem avatar iniciada.
[DB] Salvos 0 jogadores.
[DB] Salvos 0 jogadores.
[DB] Salvos 0 jogadores.
[DB] Salvos 0 jogadores.
[DB] Salvos 0 jogadores.
[DB] Salvos 0 jogadores.
[DB] Salvos 0 jogadores.
[DB] Salvos 0 jogadores.
[DB] Salvos 0 jogadores.
Aventureiro tentando conectar: AdminGM (P2yG7wDRTh0wzOO1AABh)
Sessão AdminGM sem avatar iniciada.
Aventureiro tentando conectar: AdminGM (xxAOW6-9QKBOam4mAABj)
Sessão AdminGM sem avatar iniciada.
[DB] Salvos 0 jogadores.
[DB] Salvos 0 jogadores.
[DB] Salvos 0 jogadores.
[DB] Salvos 0 jogadores.
[DB] Salvos 0 jogadores.
[DB] Salvos 0 jogadores.
[DB] Salvos 0 jogadores.
[DB] Salvos 0 jogadores.
Aventureiro tentando conectar: AdminGM (tFImEymHyLQn7dLdAABl)
Sessão AdminGM sem avatar iniciada.
[DB] Salvos 0 jogadores.
[DB] Salvos 0 jogadores.
Aventureiro tentando conectar: AdminGM (8KifTJE_n4S4cDXWAABn)
Sessão AdminGM sem avatar iniciada.
Aventureiro tentando conectar: AdminGM (8BpIMWaJn9UGAouvAABp)
Sessão AdminGM sem avatar iniciada.
[DB] Salvos 0 jogadores.
[DB] Salvos 0 jogadores.
Aventureiro tentando conectar: Tiberius (WtzGuo8k3yX8jLB_AABr)
[DB] Salvos 0 jogadores.
[DB] Salvos 1 jogadores.
[DB] Salvos 1 jogadores.
Aventureiro desconectado: WtzGuo8k3yX8jLB_AABr
Aventureiro tentando conectar: AdminGM (_4OaT_tAg_SwTq2-AABt)
Sessão AdminGM sem avatar iniciada.
[DB] Salvos 0 jogadores.
[DB] Salvos 0 jogadores.
[DB] Salvos 0 jogadores.
[DB] Salvos 0 jogadores.
[DB] Salvos 0 jogadores.
Aventureiro tentando conectar: AdminGM (-nhrmp0Ne64VBadqAABv)
Sessão AdminGM sem avatar iniciada.
[DB] Salvos 0 jogadores.
[DB] Salvos 0 jogadores.
[DB] Salvos 0 jogadores.
[DB] Salvos 0 jogadores.
[DB] Salvos 0 jogadores.
Aventureiro tentando conectar: AdminGM (xuQZwhkCd1v3k7ZpAABx)
Sessão AdminGM sem avatar iniciada.
[DB] Salvos 0 jogadores.
Aventureiro tentando conectar: AdminGM (97fRwgLG3extCgEDAABz)
Sessão AdminGM sem avatar iniciada.
[DB] Salvos 0 jogadores.
[DB] Salvos 0 jogadores.
Aventureiro tentando conectar: AdminGM (jDbHk7AMzrAEkFm1AAB1)
Sessão AdminGM sem avatar iniciada.
[DB] Salvos 0 jogadores.
Aventureiro tentando conectar: AdminGM (K_aHxMn7rdQRl4gyAAB3)
Sessão AdminGM sem avatar iniciada.
Aventureiro tentando conectar: AdminGM (FBTBLoybLDjle8OjAAB5)
Sessão AdminGM sem avatar iniciada.
[DB] Salvos 0 jogadores.
[DB] Salvos 0 jogadores.
[DB] Salvos 0 jogadores.
[DB] Salvos 0 jogadores.
[DB] Salvos 0 jogadores.
Aventureiro tentando conectar: AdminGM (-ALzyX470EGIKDfcAAB7)
Sessão AdminGM sem avatar iniciada.
Aventureiro tentando conectar: AdminGM (blhyyP2Aavc-XVzIAAB9)
Sessão AdminGM sem avatar iniciada.
[DB] Salvos 0 jogadores.
[DB] Salvos 0 jogadores.
Aventureiro tentando conectar: AdminGM (HkaeqIOOjU_8zP9EAAB_)
Sessão AdminGM sem avatar iniciada.
[DB] Salvos 0 jogadores.
[DB] Salvos 0 jogadores.
[DB] Salvos 0 jogadores.
[DB] Salvos 0 jogadores.
[DB] Salvos 0 jogadores.
[DB] Salvos 0 jogadores.
[DB] Salvos 0 jogadores.
[DB] Salvos 0 jogadores.
[DB] Salvos 0 jogadores.
Aventureiro tentando conectar: Tiberius (gEfImTvPWO_fK5UhAACB)
[DB] Salvos 0 jogadores.
[DB] Salvos 1 jogadores.
[DB] Salvos 1 jogadores.
[DB] Salvos 1 jogadores.
[DB] Salvos 1 jogadores.
[DB] Salvos 1 jogadores.
[DB] Salvos 1 jogadores.
[DB] Salvos 1 jogadores.
[DB] Salvos 1 jogadores.
[DB] Salvos 1 jogadores.
[DB] Salvos 1 jogadores.
[DB] Salvos 1 jogadores.
[DB] Salvos 1 jogadores.
[DB] Salvos 1 jogadores.
[DB] Salvos 1 jogadores.
[DB] Salvos 1 jogadores.
[DB] Salvos 1 jogadores.
[DB] Salvos 1 jogadores.
[DB] Salvos 1 jogadores.
[DB] Salvos 1 jogadores.
[DB] Salvos 1 jogadores.
[DB] Salvos 1 jogadores.
[DB] Salvos 1 jogadores.
[DB] Salvos 1 jogadores.
[DB] Salvos 1 jogadores.
[DB] Salvos 1 jogadores.
[DB] Salvos 1 jogadores.
[DB] Salvos 1 jogadores.
[DB] Salvos 1 jogadores.
[DB] Salvos 1 jogadores.
[DB] Salvos 1 jogadores.
[DB] Salvos 1 jogadores.
[DB] Salvos 1 jogadores.
[DB] Salvos 1 jogadores.
[DB] Salvos 1 jogadores.
[DB] Salvos 1 jogadores.
[DB] Salvos 1 jogadores.
[DB] Salvos 1 jogadores.
[DB] Salvos 1 jogadores.
[DB] Salvos 1 jogadores.
[DB] Salvos 1 jogadores.
[DB] Salvos 1 jogadores.
[DB] Salvos 1 jogadores.
Aventureiro tentando conectar: TestMulti4 (IiXRG-PX7e1SctFIAACD)
[DB] Salvos 1 jogadores.
[DB] Salvos 1 jogadores.
[DB] Salvos 1 jogadores.
[DB] Salvos 1 jogadores.
[DB] Salvos 1 jogadores.
Aventureiro tentando conectar: AdminGM (S5X0-HftRqLLgbdHAACF)
Sessão AdminGM sem avatar iniciada.
Aventureiro tentando conectar: TestMulti5 (c6md0rKgROdyMlW8AACH)
Aventureiro tentando conectar: AdminGM (7c4wtH2I8lkJI39PAACJ)
Sessão AdminGM sem avatar iniciada.
[DB] Salvos 1 jogadores.
Aventureiro desconectado: gEfImTvPWO_fK5UhAACB
[DB] Salvos 0 jogadores.
Aventureiro tentando conectar: Rafa (X260frZVRuC-gIacAACL)
[DB] Salvos 0 jogadores.
[DB] Salvos 0 jogadores.
Aventureiro tentando conectar: TestMulti6 (nz-kOF0FOrWQNxeSAACN)
